<?xml version="1.0" encoding="UTF-8"?>
<!-- Generated by org.testng.reporters.JUnitReportReporter -->
<testsuite hostname="DESKTOP-HVEQTT1" failures="0" tests="3" name="com.QAFox.qa.TestData.RegisterTest" time="33.661" errors="0" timestamp="2024-02-11T12:19:29 IST" skipped="0">
  <testcase classname="com.QAFox.qa.TestData.RegisterTest" name="myTest" time="15.046"/>
  <testcase classname="com.QAFox.qa.TestData.RegisterTest" name="verifyRegiterPageTtile" time="9.722"/>
  <testcase classname="com.QAFox.qa.TestData.RegisterTest" name="verifyRegiterPageHeader" time="8.893"/>
</testsuite> <!-- com.QAFox.qa.TestData.RegisterTest -->
