<?xml version="1.0" encoding="UTF-8"?>
<!-- Generated by org.testng.reporters.JUnitReportReporter -->
<testsuite hostname="DESKTOP-HVEQTT1" failures="0" tests="2" name="com.QAFox.qa.TestData.SuccessPageTest" time="50.329" errors="0" timestamp="2024-02-11T12:08:35 IST" skipped="0">
  <testcase classname="com.QAFox.qa.TestData.SuccessPageTest" name="veryfiSuccessPageTitleTest" time="9.890"/>
  <testcase classname="com.QAFox.qa.TestData.SuccessPageTest" name="verifyRegiterPageHeaderTest" time="40.439"/>
</testsuite> <!-- com.QAFox.qa.TestData.SuccessPageTest -->
