<?xml version="1.0" encoding="UTF-8"?>
<!-- Generated by org.testng.reporters.JUnitReportReporter -->
<testsuite hostname="DESKTOP-HVEQTT1" failures="0" tests="10" name="com.autoEx.qa.TestCases.RegisterPageTest" time="39.910" errors="0" timestamp="2024-02-01T11:02:17 IST" skipped="0">
  <testcase classname="com.autoEx.qa.TestCases.RegisterPageTest" name="homePageVisibleTest" time="0.222"/>
  <testcase classname="com.autoEx.qa.TestCases.RegisterPageTest" name="clickOnSignOrLoginLink" time="2.730"/>
  <testcase classname="com.autoEx.qa.TestCases.RegisterPageTest" name="visibleSignUpYourAccountTextTest" time="0.073"/>
  <testcase classname="com.autoEx.qa.TestCases.RegisterPageTest" name="signUp" time="8.632"/>
  <testcase classname="com.autoEx.qa.TestCases.RegisterPageTest" name="visibleEnterAccountInformationTextTest" time="0.356"/>
  <testcase classname="com.autoEx.qa.TestCases.RegisterPageTest" name="enterDetailsTest" time="2.292"/>
  <testcase classname="com.autoEx.qa.TestCases.RegisterPageTest" name="clickOnCreateAccountBTNTest" time="4.979"/>
  <testcase classname="com.autoEx.qa.TestCases.RegisterPageTest" name="visibleAccounCreatedTest" time="0.210"/>
  <testcase classname="com.autoEx.qa.TestCases.RegisterPageTest" name="clickOnContinueBtnTest" time="0.549"/>
  <testcase classname="com.autoEx.qa.TestCases.RegisterPageTest" name="visibleLoggedInAsUsernameTest" time="19.867"/>
</testsuite> <!-- com.autoEx.qa.TestCases.RegisterPageTest -->
